1644865319892	geckodriver	INFO	Listening on 127.0.0.1:61835
1644865322946	mozrunner::runner	INFO	Running command: "C:\\Program Files\\Mozilla Firefox\\firefox.exe" "--marionette" "-headless" "--remote-debugging-port" "61836" "-no-remote" "-profile" "C:\\Users\\scara\\AppData\\Local\\Temp\\rust_mozprofiletNTMff"
*** You are running in headless mode.
1644865323283	Marionette	INFO	Marionette enabled
[GFX1-]: RenderCompositorSWGL failed mapping default framebuffer, no dt
console.warn: SearchSettings: "get: No settings file exists, new profile?" (new NotFoundError("Could not open the file at C:\\Users\\scara\\AppData\\Local\\Temp\\rust_mozprofiletNTMff\\search.json.mozlz4", (void 0)))
DevTools listening on ws://localhost:61836/devtools/browser/5bb1385e-aaf6-40ee-b113-40657f503283
1644865324400	Marionette	INFO	Listening on port 61845
1644865324494	RemoteAgent	WARN	TLS certificate errors will be ignored for this session
JavaScript error: https://www-nds.iaea.org/exfor/e4basic2.js, line 17: TypeError: document.request.elements[k] is undefined
JavaScript error: https://www-nds.iaea.org/exfor/e4basic2.js, line 17: TypeError: document.request.elements[k] is undefined
console.warn: LoginRecipes: "getRecipes: falling back to a synchronous message for:" "https://www-nds.iaea.org"
JavaScript warning: https://www-nds.iaea.org/exfor/x4js/e4search.js, line 17: unreachable code after return statement
JavaScript warning: https://www-nds.iaea.org/exfor/x4js/e4search.js, line 17: unreachable code after return statement
console.warn: LoginRecipes: "getRecipes: falling back to a synchronous message for:" "https://www-nds.iaea.org"
JavaScript error: https://www-nds.iaea.org/exfor/e4basic2.js, line 17: TypeError: document.request.elements[k] is undefined
JavaScript error: https://www-nds.iaea.org/exfor/e4basic2.js, line 17: TypeError: document.request.elements[k] is undefined
console.warn: LoginRecipes: "getRecipes: falling back to a synchronous message for:" "https://www-nds.iaea.org"
JavaScript warning: https://www-nds.iaea.org/exfor/x4js/e4search.js, line 17: unreachable code after return statement
JavaScript warning: https://www-nds.iaea.org/exfor/x4js/e4search.js, line 17: unreachable code after return statement
console.warn: LoginRecipes: "getRecipes: falling back to a synchronous message for:" "https://www-nds.iaea.org"
JavaScript error: https://www-nds.iaea.org/exfor/e4basic2.js, line 17: TypeError: document.request.elements[k] is undefined
JavaScript error: https://www-nds.iaea.org/exfor/e4basic2.js, line 17: TypeError: document.request.elements[k] is undefined
console.warn: LoginRecipes: "getRecipes: falling back to a synchronous message for:" "https://www-nds.iaea.org"
JavaScript warning: https://www-nds.iaea.org/exfor/x4js/e4search.js, line 17: unreachable code after return statement
JavaScript warning: https://www-nds.iaea.org/exfor/x4js/e4search.js, line 17: unreachable code after return statement
console.warn: LoginRecipes: "getRecipes: falling back to a synchronous message for:" "https://www-nds.iaea.org"
1644865345911	Marionette	INFO	Stopped listening on port 61845

###!!! [Parent][PImageBridgeParent] Error: RunMessage(msgname=PImageBridge::Msg_WillClose) Channel closing: too late to send/recv, messages will be lost

1644865615489	geckodriver	INFO	Listening on 127.0.0.1:61924
1644865618607	mozrunner::runner	INFO	Running command: "C:\\Program Files\\Mozilla Firefox\\firefox.exe" "--marionette" "-headless" "--remote-debugging-port" "61925" "-no-remote" "-profile" "C:\\Users\\scara\\AppData\\Local\\Temp\\rust_mozprofileuJy9jY"
*** You are running in headless mode.
1644865618906	Marionette	INFO	Marionette enabled
[GFX1-]: RenderCompositorSWGL failed mapping default framebuffer, no dt
console.warn: SearchSettings: "get: No settings file exists, new profile?" (new NotFoundError("Could not open the file at C:\\Users\\scara\\AppData\\Local\\Temp\\rust_mozprofileuJy9jY\\search.json.mozlz4", (void 0)))
DevTools listening on ws://localhost:61925/devtools/browser/78324e4b-0b08-4ce4-ad98-abb70d7b7d12
1644865619889	Marionette	INFO	Listening on port 61931
1644865620182	RemoteAgent	WARN	TLS certificate errors will be ignored for this session
1644865620208	Marionette	INFO	Stopped listening on port 61931
1644865681314	geckodriver	INFO	Listening on 127.0.0.1:61964
1644865684411	mozrunner::runner	INFO	Running command: "C:\\Program Files\\Mozilla Firefox\\firefox.exe" "--marionette" "-headless" "--remote-debugging-port" "61965" "-no-remote" "-profile" "C:\\Users\\scara\\AppData\\Local\\Temp\\rust_mozprofileYAdch0"
*** You are running in headless mode.
1644865684846	Marionette	INFO	Marionette enabled
[GFX1-]: RenderCompositorSWGL failed mapping default framebuffer, no dt
console.warn: SearchSettings: "get: No settings file exists, new profile?" (new NotFoundError("Could not open the file at C:\\Users\\scara\\AppData\\Local\\Temp\\rust_mozprofileYAdch0\\search.json.mozlz4", (void 0)))
DevTools listening on ws://localhost:61965/devtools/browser/95678449-ee3d-4cdd-8f55-01d81567c3c5
1644865685956	Marionette	INFO	Listening on port 61970
1644865686460	RemoteAgent	WARN	TLS certificate errors will be ignored for this session
1644865686473	Marionette	INFO	Stopped listening on port 61970
1644865699456	geckodriver	INFO	Listening on 127.0.0.1:62001
1644865702528	mozrunner::runner	INFO	Running command: "C:\\Program Files\\Mozilla Firefox\\firefox.exe" "--marionette" "-headless" "--remote-debugging-port" "62002" "-no-remote" "-profile" "C:\\Users\\scara\\AppData\\Local\\Temp\\rust_mozprofileRYKvX6"
*** You are running in headless mode.
1644865702789	Marionette	INFO	Marionette enabled
[GFX1-]: RenderCompositorSWGL failed mapping default framebuffer, no dt
console.warn: SearchSettings: "get: No settings file exists, new profile?" (new NotFoundError("Could not open the file at C:\\Users\\scara\\AppData\\Local\\Temp\\rust_mozprofileRYKvX6\\search.json.mozlz4", (void 0)))
DevTools listening on ws://localhost:62002/devtools/browser/031c7ea6-6c03-40d6-892a-1b0b291f3f5a
1644865703912	Marionette	INFO	Listening on port 62007
1644865704086	RemoteAgent	WARN	TLS certificate errors will be ignored for this session
1644865704103	Marionette	INFO	Stopped listening on port 62007
1644865800387	geckodriver	INFO	Listening on 127.0.0.1:62042
1644865803507	mozrunner::runner	INFO	Running command: "C:\\Program Files\\Mozilla Firefox\\firefox.exe" "--marionette" "-headless" "--remote-debugging-port" "62043" "-no-remote" "-profile" "C:\\Users\\scara\\AppData\\Local\\Temp\\rust_mozprofileh94jQX"
*** You are running in headless mode.
1644865803769	Marionette	INFO	Marionette enabled
[GFX1-]: RenderCompositorSWGL failed mapping default framebuffer, no dt
console.warn: SearchSettings: "get: No settings file exists, new profile?" (new NotFoundError("Could not open the file at C:\\Users\\scara\\AppData\\Local\\Temp\\rust_mozprofileh94jQX\\search.json.mozlz4", (void 0)))
DevTools listening on ws://localhost:62043/devtools/browser/4b94081e-034e-41a0-bdec-d49d91e8b406
1644865804775	Marionette	INFO	Listening on port 62049
1644865805059	RemoteAgent	WARN	TLS certificate errors will be ignored for this session
1644865805077	Marionette	INFO	Stopped listening on port 62049
console.error: Region.jsm: "Error fetching region" (new TypeError("NetworkError when attempting to fetch resource.", ""))
console.error: Region.jsm: "Failed to fetch region" (new Error("NO_RESULT", "resource://gre/modules/Region.jsm", 419))
1644865879749	geckodriver	INFO	Listening on 127.0.0.1:62080
1644865882835	mozrunner::runner	INFO	Running command: "C:\\Program Files\\Mozilla Firefox\\firefox.exe" "--marionette" "-headless" "--remote-debugging-port" "62081" "-no-remote" "-profile" "C:\\Users\\scara\\AppData\\Local\\Temp\\rust_mozprofileMOriVn"
*** You are running in headless mode.
1644865883106	Marionette	INFO	Marionette enabled
[GFX1-]: RenderCompositorSWGL failed mapping default framebuffer, no dt
console.warn: SearchSettings: "get: No settings file exists, new profile?" (new NotFoundError("Could not open the file at C:\\Users\\scara\\AppData\\Local\\Temp\\rust_mozprofileMOriVn\\search.json.mozlz4", (void 0)))
DevTools listening on ws://localhost:62081/devtools/browser/d3395967-8774-45fa-ab81-39bdc5513f0c
1644865884208	Marionette	INFO	Listening on port 62086
1644865884399	RemoteAgent	WARN	TLS certificate errors will be ignored for this session
1644865884416	Marionette	INFO	Stopped listening on port 62086
1644865896036	geckodriver	INFO	Listening on 127.0.0.1:62115
1644865899131	mozrunner::runner	INFO	Running command: "C:\\Program Files\\Mozilla Firefox\\firefox.exe" "--marionette" "-headless" "--remote-debugging-port" "62116" "-no-remote" "-profile" "C:\\Users\\scara\\AppData\\Local\\Temp\\rust_mozprofileABQIFx"
*** You are running in headless mode.
1644865899401	Marionette	INFO	Marionette enabled
[GFX1-]: RenderCompositorSWGL failed mapping default framebuffer, no dt
console.warn: SearchSettings: "get: No settings file exists, new profile?" (new NotFoundError("Could not open the file at C:\\Users\\scara\\AppData\\Local\\Temp\\rust_mozprofileABQIFx\\search.json.mozlz4", (void 0)))
DevTools listening on ws://localhost:62116/devtools/browser/d70c0448-afea-4739-bd30-3d30bfbfbf37
1644865900389	Marionette	INFO	Listening on port 62121
1644865900682	RemoteAgent	WARN	TLS certificate errors will be ignored for this session
1644865900697	Marionette	INFO	Stopped listening on port 62121
console.error: Region.jsm: "Error fetching region" (new TypeError("NetworkError when attempting to fetch resource.", ""))
console.error: Region.jsm: "Failed to fetch region" (new Error("NO_RESULT", "resource://gre/modules/Region.jsm", 419))
1644865920992	geckodriver	INFO	Listening on 127.0.0.1:62148
1644865924059	mozrunner::runner	INFO	Running command: "C:\\Program Files\\Mozilla Firefox\\firefox.exe" "--marionette" "-headless" "--remote-debugging-port" "62149" "-no-remote" "-profile" "C:\\Users\\scara\\AppData\\Local\\Temp\\rust_mozprofilecvCDP9"
*** You are running in headless mode.
1644865924317	Marionette	INFO	Marionette enabled
[GFX1-]: RenderCompositorSWGL failed mapping default framebuffer, no dt
console.warn: SearchSettings: "get: No settings file exists, new profile?" (new NotFoundError("Could not open the file at C:\\Users\\scara\\AppData\\Local\\Temp\\rust_mozprofilecvCDP9\\search.json.mozlz4", (void 0)))
DevTools listening on ws://localhost:62149/devtools/browser/cea1d018-4b7b-4b66-957d-8d2a0207d788
1644865925305	Marionette	INFO	Listening on port 62154
1644865925632	RemoteAgent	WARN	TLS certificate errors will be ignored for this session
1644865925645	Marionette	INFO	Stopped listening on port 62154
console.error: Region.jsm: "Error fetching region" (new TypeError("NetworkError when attempting to fetch resource.", ""))
console.error: Region.jsm: "Failed to fetch region" (new Error("NO_RESULT", "resource://gre/modules/Region.jsm", 419))
1644866092813	geckodriver	INFO	Listening on 127.0.0.1:54788
1644866095903	mozrunner::runner	INFO	Running command: "C:\\Program Files\\Mozilla Firefox\\firefox.exe" "--marionette" "-headless" "--remote-debugging-port" "54789" "-no-remote" "-profile" "C:\\Users\\scara\\AppData\\Local\\Temp\\rust_mozprofileDwGzE9"
*** You are running in headless mode.
1644866096540	Marionette	INFO	Marionette enabled
[GFX1-]: RenderCompositorSWGL failed mapping default framebuffer, no dt
console.warn: SearchSettings: "get: No settings file exists, new profile?" (new NotFoundError("Could not open the file at C:\\Users\\scara\\AppData\\Local\\Temp\\rust_mozprofileDwGzE9\\search.json.mozlz4", (void 0)))
DevTools listening on ws://localhost:54789/devtools/browser/a8f36f3b-fe14-44d3-bb99-ed3061bdb453
1644866098149	Marionette	INFO	Listening on port 54798
1644866098571	RemoteAgent	WARN	TLS certificate errors will be ignored for this session
1644866098589	Marionette	INFO	Stopped listening on port 54798
console.error: services.settings: 
  main/query-stripping Signature failed  TypeError: NetworkError: Network request failed

###!!! [Parent][PImageBridgeParent] Error: RunMessage(msgname=PImageBridge::Msg_WillClose) Channel closing: too late to send/recv, messages will be lost

1644866224548	geckodriver	INFO	Listening on 127.0.0.1:54870
1644866227635	mozrunner::runner	INFO	Running command: "C:\\Program Files\\Mozilla Firefox\\firefox.exe" "--marionette" "-headless" "--remote-debugging-port" "54871" "-no-remote" "-profile" "C:\\Users\\scara\\AppData\\Local\\Temp\\rust_mozprofilelUilqM"
*** You are running in headless mode.
1644866227887	Marionette	INFO	Marionette enabled
[GFX1-]: RenderCompositorSWGL failed mapping default framebuffer, no dt
console.warn: SearchSettings: "get: No settings file exists, new profile?" (new NotFoundError("Could not open the file at C:\\Users\\scara\\AppData\\Local\\Temp\\rust_mozprofilelUilqM\\search.json.mozlz4", (void 0)))
DevTools listening on ws://localhost:54871/devtools/browser/e2d3a3b4-bbed-45f0-a738-3d0a0f60118f
1644866228900	Marionette	INFO	Listening on port 54876
1644866229190	RemoteAgent	WARN	TLS certificate errors will be ignored for this session
1644866229209	Marionette	INFO	Stopped listening on port 54876
console.warn: TopSitesFeed: Failed to fetch data from Contile server: NetworkError when attempting to fetch resource.
console.error: Region.jsm: "Error fetching region" (new TypeError("NetworkError when attempting to fetch resource.", ""))
console.error: Region.jsm: "Failed to fetch region" (new Error("NO_RESULT", "resource://gre/modules/Region.jsm", 419))
1644866409477	geckodriver	INFO	Listening on 127.0.0.1:50854
1644866412577	mozrunner::runner	INFO	Running command: "C:\\Program Files\\Mozilla Firefox\\firefox.exe" "--marionette" "-headless" "--remote-debugging-port" "50855" "-no-remote" "-profile" "C:\\Users\\scara\\AppData\\Local\\Temp\\rust_mozprofileTntp75"
*** You are running in headless mode.
1644866412863	Marionette	INFO	Marionette enabled
[GFX1-]: RenderCompositorSWGL failed mapping default framebuffer, no dt
console.warn: SearchSettings: "get: No settings file exists, new profile?" (new NotFoundError("Could not open the file at C:\\Users\\scara\\AppData\\Local\\Temp\\rust_mozprofileTntp75\\search.json.mozlz4", (void 0)))
DevTools listening on ws://localhost:50855/devtools/browser/09cfee17-4e37-4247-94b3-9a468e1f2fe9
1644866414272	Marionette	INFO	Listening on port 50861
1644866414637	RemoteAgent	WARN	TLS certificate errors will be ignored for this session
1644866414650	Marionette	INFO	Stopped listening on port 50861

###!!! [Parent][PImageBridgeParent] Error: RunMessage(msgname=PImageBridge::Msg_WillClose) Channel closing: too late to send/recv, messages will be lost

1644866432829	geckodriver	INFO	Listening on 127.0.0.1:50897
1644866435904	mozrunner::runner	INFO	Running command: "C:\\Program Files\\Mozilla Firefox\\firefox.exe" "--marionette" "-headless" "--remote-debugging-port" "50898" "-no-remote" "-profile" "C:\\Users\\scara\\AppData\\Local\\Temp\\rust_mozprofiletCeLn7"
*** You are running in headless mode.
1644866436176	Marionette	INFO	Marionette enabled
[GFX1-]: RenderCompositorSWGL failed mapping default framebuffer, no dt
console.warn: SearchSettings: "get: No settings file exists, new profile?" (new NotFoundError("Could not open the file at C:\\Users\\scara\\AppData\\Local\\Temp\\rust_mozprofiletCeLn7\\search.json.mozlz4", (void 0)))
DevTools listening on ws://localhost:50898/devtools/browser/e8ae9f2a-e0b6-4ac4-9596-41725697bccf
1644866437680	Marionette	INFO	Listening on port 50903
1644866437955	RemoteAgent	WARN	TLS certificate errors will be ignored for this session
1644866437968	Marionette	INFO	Stopped listening on port 50903

###!!! [Parent][PImageBridgeParent] Error: RunMessage(msgname=PImageBridge::Msg_WillClose) Channel closing: too late to send/recv, messages will be lost

1644866651205	geckodriver	INFO	Listening on 127.0.0.1:62504
1644866654306	mozrunner::runner	INFO	Running command: "C:\\Program Files\\Mozilla Firefox\\firefox.exe" "--marionette" "-headless" "--remote-debugging-port" "62505" "-no-remote" "-profile" "C:\\Users\\scara\\AppData\\Local\\Temp\\rust_mozprofilexMqznV"
*** You are running in headless mode.
1644866654559	Marionette	INFO	Marionette enabled
[GFX1-]: RenderCompositorSWGL failed mapping default framebuffer, no dt
console.warn: SearchSettings: "get: No settings file exists, new profile?" (new NotFoundError("Could not open the file at C:\\Users\\scara\\AppData\\Local\\Temp\\rust_mozprofilexMqznV\\search.json.mozlz4", (void 0)))
DevTools listening on ws://localhost:62505/devtools/browser/81756efd-3c1e-4af1-8b76-e18231338acc
1644866655662	Marionette	INFO	Listening on port 62510
1644866655854	RemoteAgent	WARN	TLS certificate errors will be ignored for this session
1644866655883	Marionette	INFO	Stopped listening on port 62510
1644866782616	geckodriver	INFO	Listening on 127.0.0.1:51942
1644866785670	mozrunner::runner	INFO	Running command: "C:\\Program Files\\Mozilla Firefox\\firefox.exe" "--marionette" "-headless" "--remote-debugging-port" "51943" "-no-remote" "-profile" "C:\\Users\\scara\\AppData\\Local\\Temp\\rust_mozprofilelWvAs2"
*** You are running in headless mode.
1644866785938	Marionette	INFO	Marionette enabled
[GFX1-]: RenderCompositorSWGL failed mapping default framebuffer, no dt
console.warn: SearchSettings: "get: No settings file exists, new profile?" (new NotFoundError("Could not open the file at C:\\Users\\scara\\AppData\\Local\\Temp\\rust_mozprofilelWvAs2\\search.json.mozlz4", (void 0)))
DevTools listening on ws://localhost:51943/devtools/browser/d17ce4ec-e38a-4b91-95bb-3b7dc45286d9
1644866787323	Marionette	INFO	Listening on port 51954
1644866787711	RemoteAgent	WARN	TLS certificate errors will be ignored for this session
1644866787728	Marionette	INFO	Stopped listening on port 51954
1644868784677	geckodriver	INFO	Listening on 127.0.0.1:63060
1644868787784	mozrunner::runner	INFO	Running command: "C:\\Program Files\\Mozilla Firefox\\firefox.exe" "--marionette" "-headless" "--remote-debugging-port" "63061" "-no-remote" "-profile" "C:\\Users\\scara\\AppData\\Local\\Temp\\rust_mozprofileScJiYw"
*** You are running in headless mode.
1644868788067	Marionette	INFO	Marionette enabled
[GFX1-]: RenderCompositorSWGL failed mapping default framebuffer, no dt
console.warn: SearchSettings: "get: No settings file exists, new profile?" (new NotFoundError("Could not open the file at C:\\Users\\scara\\AppData\\Local\\Temp\\rust_mozprofileScJiYw\\search.json.mozlz4", (void 0)))
DevTools listening on ws://localhost:63061/devtools/browser/8b6e7f55-25d7-4354-8b04-d8ae1d6274ff
1644868789391	Marionette	INFO	Listening on port 63067
1644868789845	RemoteAgent	WARN	TLS certificate errors will be ignored for this session
JavaScript error: https://www-nds.iaea.org/exfor/e4basic2.js, line 17: TypeError: document.request.elements[k] is undefined
JavaScript error: https://www-nds.iaea.org/exfor/e4basic2.js, line 17: TypeError: document.request.elements[k] is undefined
console.warn: LoginRecipes: "getRecipes: falling back to a synchronous message for:" "https://www-nds.iaea.org"
JavaScript warning: https://www-nds.iaea.org/exfor/x4js/e4search.js, line 17: unreachable code after return statement
JavaScript warning: https://www-nds.iaea.org/exfor/x4js/e4search.js, line 17: unreachable code after return statement
console.warn: LoginRecipes: "getRecipes: falling back to a synchronous message for:" "https://www-nds.iaea.org"
1644868807533	Marionette	INFO	Stopped listening on port 63067

###!!! [Parent][PImageBridgeParent] Error: RunMessage(msgname=PImageBridge::Msg_WillClose) Channel closing: too late to send/recv, messages will be lost

1644869546716	geckodriver	INFO	Listening on 127.0.0.1:63247
1644869549821	mozrunner::runner	INFO	Running command: "C:\\Program Files\\Mozilla Firefox\\firefox.exe" "--marionette" "-headless" "--remote-debugging-port" "63248" "-no-remote" "-profile" "C:\\Users\\scara\\AppData\\Local\\Temp\\rust_mozprofilezBTifK"
*** You are running in headless mode.
1644869550122	Marionette	INFO	Marionette enabled
[GFX1-]: RenderCompositorSWGL failed mapping default framebuffer, no dt
console.warn: SearchSettings: "get: No settings file exists, new profile?" (new NotFoundError("Could not open the file at C:\\Users\\scara\\AppData\\Local\\Temp\\rust_mozprofilezBTifK\\search.json.mozlz4", (void 0)))
DevTools listening on ws://localhost:63248/devtools/browser/b957eb7e-8d1d-4bc9-88af-b5a44038b728
1644869551390	Marionette	INFO	Listening on port 63255
1644869551888	RemoteAgent	WARN	TLS certificate errors will be ignored for this session
JavaScript error: https://www-nds.iaea.org/exfor/e4basic2.js, line 17: TypeError: document.request.elements[k] is undefined
JavaScript error: https://www-nds.iaea.org/exfor/e4basic2.js, line 17: TypeError: document.request.elements[k] is undefined
console.warn: LoginRecipes: "getRecipes: falling back to a synchronous message for:" "https://www-nds.iaea.org"
JavaScript warning: https://www-nds.iaea.org/exfor/x4js/e4search.js, line 17: unreachable code after return statement
JavaScript warning: https://www-nds.iaea.org/exfor/x4js/e4search.js, line 17: unreachable code after return statement
JavaScript error: https://www-nds.iaea.org/exfor/x4js/e4search.js, line 17: TypeError: document.frmChoice is undefined
1644869581323	geckodriver	INFO	Listening on 127.0.0.1:63319
1644869584422	mozrunner::runner	INFO	Running command: "C:\\Program Files\\Mozilla Firefox\\firefox.exe" "--marionette" "-headless" "--remote-debugging-port" "63320" "-no-remote" "-profile" "C:\\Users\\scara\\AppData\\Local\\Temp\\rust_mozprofilek3w3z1"
*** You are running in headless mode.
1644869584716	Marionette	INFO	Marionette enabled
[GFX1-]: RenderCompositorSWGL failed mapping default framebuffer, no dt
console.warn: SearchSettings: "get: No settings file exists, new profile?" (new NotFoundError("Could not open the file at C:\\Users\\scara\\AppData\\Local\\Temp\\rust_mozprofilek3w3z1\\search.json.mozlz4", (void 0)))
DevTools listening on ws://localhost:63320/devtools/browser/6e105ddd-8e4a-45cd-b3d8-4d126b92c956
1644869586049	Marionette	INFO	Listening on port 63325
1644869586472	RemoteAgent	WARN	TLS certificate errors will be ignored for this session
1644869803417	geckodriver	INFO	Listening on 127.0.0.1:63374
1644869806520	mozrunner::runner	INFO	Running command: "C:\\Program Files\\Mozilla Firefox\\firefox.exe" "--marionette" "-headless" "--remote-debugging-port" "63375" "-no-remote" "-profile" "C:\\Users\\scara\\AppData\\Local\\Temp\\rust_mozprofileu8nbeE"
*** You are running in headless mode.
1644869806783	Marionette	INFO	Marionette enabled
[GFX1-]: RenderCompositorSWGL failed mapping default framebuffer, no dt
console.warn: SearchSettings: "get: No settings file exists, new profile?" (new NotFoundError("Could not open the file at C:\\Users\\scara\\AppData\\Local\\Temp\\rust_mozprofileu8nbeE\\search.json.mozlz4", (void 0)))
DevTools listening on ws://localhost:63375/devtools/browser/7d48133f-b88d-4ee8-9eee-2bdc63617b27
1644869808097	Marionette	INFO	Listening on port 63380
1644869808579	RemoteAgent	WARN	TLS certificate errors will be ignored for this session
1644870461584	geckodriver	INFO	Listening on 127.0.0.1:63563
1644870464668	mozrunner::runner	INFO	Running command: "C:\\Program Files\\Mozilla Firefox\\firefox.exe" "--marionette" "-headless" "--remote-debugging-port" "63564" "-no-remote" "-profile" "C:\\Users\\scara\\AppData\\Local\\Temp\\rust_mozprofilesJXZFK"
*** You are running in headless mode.
1644870464977	Marionette	INFO	Marionette enabled
[GFX1-]: RenderCompositorSWGL failed mapping default framebuffer, no dt
console.warn: SearchSettings: "get: No settings file exists, new profile?" (new NotFoundError("Could not open the file at C:\\Users\\scara\\AppData\\Local\\Temp\\rust_mozprofilesJXZFK\\search.json.mozlz4", (void 0)))
DevTools listening on ws://localhost:63564/devtools/browser/b8ebd562-2c49-4c54-9a31-39f64ba057c9
1644870466315	Marionette	INFO	Listening on port 63571
1644870466734	RemoteAgent	WARN	TLS certificate errors will be ignored for this session
JavaScript error: https://www-nds.iaea.org/exfor/e4basic2.js, line 17: TypeError: document.request.elements[k] is undefined
JavaScript error: https://www-nds.iaea.org/exfor/e4basic2.js, line 17: TypeError: document.request.elements[k] is undefined
console.warn: LoginRecipes: "getRecipes: falling back to a synchronous message for:" "https://www-nds.iaea.org"
JavaScript warning: https://www-nds.iaea.org/exfor/x4js/e4search.js, line 17: unreachable code after return statement
JavaScript warning: https://www-nds.iaea.org/exfor/x4js/e4search.js, line 17: unreachable code after return statement
console.warn: LoginRecipes: "getRecipes: falling back to a synchronous message for:" "https://www-nds.iaea.org"
1644870473309	Marionette	INFO	Stopped listening on port 63571

###!!! [Parent][PImageBridgeParent] Error: RunMessage(msgname=PImageBridge::Msg_WillClose) Channel closing: too late to send/recv, messages will be lost

1644870490852	geckodriver	INFO	Listening on 127.0.0.1:63618
1644870493906	mozrunner::runner	INFO	Running command: "C:\\Program Files\\Mozilla Firefox\\firefox.exe" "--marionette" "-headless" "--remote-debugging-port" "63619" "-no-remote" "-profile" "C:\\Users\\scara\\AppData\\Local\\Temp\\rust_mozprofileWRCbEV"
*** You are running in headless mode.
1644870494206	Marionette	INFO	Marionette enabled
[GFX1-]: RenderCompositorSWGL failed mapping default framebuffer, no dt
console.warn: SearchSettings: "get: No settings file exists, new profile?" (new NotFoundError("Could not open the file at C:\\Users\\scara\\AppData\\Local\\Temp\\rust_mozprofileWRCbEV\\search.json.mozlz4", (void 0)))
DevTools listening on ws://localhost:63619/devtools/browser/dc04f5b6-5a35-4ea2-b6ef-da89f73cc096
1644870495541	Marionette	INFO	Listening on port 63624
1644870495986	RemoteAgent	WARN	TLS certificate errors will be ignored for this session
1644870496007	Marionette	INFO	Stopped listening on port 63624
1644931163638	geckodriver	INFO	Listening on 127.0.0.1:57434
1644931166529	mozrunner::runner	INFO	Running command: "C:\\Program Files\\Mozilla Firefox\\firefox.exe" "--marionette" "-headless" "--remote-debugging-port" "57435" "-no-remote" "-profile" "C:\\Users\\Win10\\AppData\\Local\\Temp\\rust_mozprofileQs0tZY"
*** You are running in headless mode.
1644931167993	Marionette	INFO	Marionette enabled
[GFX1-]: RenderCompositorSWGL failed mapping default framebuffer, no dt
console.warn: SearchSettings: "get: No settings file exists, new profile?" (new NotFoundError("Could not open the file at C:\\Users\\Win10\\AppData\\Local\\Temp\\rust_mozprofileQs0tZY\\search.json.mozlz4", (void 0)))
DevTools listening on ws://localhost:57435/devtools/browser/4b939889-11c4-43c9-9fbe-7d39f500f66b
1644931176189	Marionette	INFO	Listening on port 57440
1644931176713	RemoteAgent	WARN	TLS certificate errors will be ignored for this session
JavaScript error: https://www-nds.iaea.org/exfor/e4basic2.js, line 17: TypeError: document.request.elements[k] is undefined
JavaScript error: https://www-nds.iaea.org/exfor/e4basic2.js, line 17: TypeError: document.request.elements[k] is undefined
console.warn: LoginRecipes: "getRecipes: falling back to a synchronous message for:" "https://www-nds.iaea.org"
JavaScript warning: https://www-nds.iaea.org/exfor/x4js/e4search.js, line 17: unreachable code after return statement
JavaScript warning: https://www-nds.iaea.org/exfor/x4js/e4search.js, line 17: unreachable code after return statement
console.warn: LoginRecipes: "getRecipes: falling back to a synchronous message for:" "https://www-nds.iaea.org"
1644931188020	Marionette	INFO	Stopped listening on port 57440
1644931431655	geckodriver	INFO	Listening on 127.0.0.1:57509
1644931434673	mozrunner::runner	INFO	Running command: "C:\\Program Files\\Mozilla Firefox\\firefox.exe" "--marionette" "-headless" "--remote-debugging-port" "57510" "-no-remote" "-profile" "C:\\Users\\Win10\\AppData\\Local\\Temp\\rust_mozprofileLe1LGE"
*** You are running in headless mode.
1644931435349	Marionette	INFO	Marionette enabled
[GFX1-]: RenderCompositorSWGL failed mapping default framebuffer, no dt
console.warn: SearchSettings: "get: No settings file exists, new profile?" (new NotFoundError("Could not open the file at C:\\Users\\Win10\\AppData\\Local\\Temp\\rust_mozprofileLe1LGE\\search.json.mozlz4", (void 0)))
DevTools listening on ws://localhost:57510/devtools/browser/9acb55c0-a9ff-4463-aa24-a6de0b3ecaea
1644931437997	Marionette	INFO	Listening on port 57515
1644931438398	RemoteAgent	WARN	TLS certificate errors will be ignored for this session
JavaScript error: https://www-nds.iaea.org/exfor/e4basic2.js, line 17: TypeError: document.request.elements[k] is undefined
JavaScript error: https://www-nds.iaea.org/exfor/e4basic2.js, line 17: TypeError: document.request.elements[k] is undefined
console.warn: LoginRecipes: "getRecipes: falling back to a synchronous message for:" "https://www-nds.iaea.org"
JavaScript warning: https://www-nds.iaea.org/exfor/x4js/e4search.js, line 17: unreachable code after return statement
JavaScript warning: https://www-nds.iaea.org/exfor/x4js/e4search.js, line 17: unreachable code after return statement
console.warn: LoginRecipes: "getRecipes: falling back to a synchronous message for:" "https://www-nds.iaea.org"
1644931443453	Marionette	INFO	Stopped listening on port 57515

###!!! [Parent][PContentParent] Error: Send(msgname=PContent::Msg_DestroyBrowsingContextGroup) Closed channel: cannot send/recv


###!!! [Child][PContentChild] Error: RunMessage(msgname=PContent::Reply_DiscardBrowsingContext) Channel closing: too late to send/recv, messages will be lost


###!!! [Parent][PImageBridgeParent] Error: RunMessage(msgname=PImageBridge::Msg_WillClose) Channel closing: too late to send/recv, messages will be lost

1644931613775	geckodriver	INFO	Listening on 127.0.0.1:57589
1644931616798	mozrunner::runner	INFO	Running command: "C:\\Program Files\\Mozilla Firefox\\firefox.exe" "--marionette" "-headless" "--remote-debugging-port" "57590" "-no-remote" "-profile" "C:\\Users\\Win10\\AppData\\Local\\Temp\\rust_mozprofileq2OoDR"
*** You are running in headless mode.
1644931617590	Marionette	INFO	Marionette enabled
[GFX1-]: RenderCompositorSWGL failed mapping default framebuffer, no dt
console.warn: SearchSettings: "get: No settings file exists, new profile?" (new NotFoundError("Could not open the file at C:\\Users\\Win10\\AppData\\Local\\Temp\\rust_mozprofileq2OoDR\\search.json.mozlz4", (void 0)))
DevTools listening on ws://localhost:57590/devtools/browser/4d71d9f1-17de-4644-b110-b9cce721a7ea
1644931620103	Marionette	INFO	Listening on port 57595
1644931620546	RemoteAgent	WARN	TLS certificate errors will be ignored for this session
JavaScript error: https://www-nds.iaea.org/exfor/e4basic2.js, line 17: TypeError: document.request.elements[k] is undefined
JavaScript error: https://www-nds.iaea.org/exfor/e4basic2.js, line 17: TypeError: document.request.elements[k] is undefined
console.warn: LoginRecipes: "getRecipes: falling back to a synchronous message for:" "https://www-nds.iaea.org"
JavaScript warning: https://www-nds.iaea.org/exfor/x4js/e4search.js, line 17: unreachable code after return statement
JavaScript warning: https://www-nds.iaea.org/exfor/x4js/e4search.js, line 17: unreachable code after return statement
console.warn: LoginRecipes: "getRecipes: falling back to a synchronous message for:" "https://www-nds.iaea.org"
1644931625801	Marionette	INFO	Stopped listening on port 57595
1644932077580	geckodriver	INFO	Listening on 127.0.0.1:57475
1644932080601	mozrunner::runner	INFO	Running command: "C:\\Program Files\\Mozilla Firefox\\firefox.exe" "--marionette" "-headless" "--remote-debugging-port" "57476" "-no-remote" "-profile" "C:\\Users\\Win10\\AppData\\Local\\Temp\\rust_mozprofiletlNOT9"
*** You are running in headless mode.
1644932081365	Marionette	INFO	Marionette enabled
[GFX1-]: RenderCompositorSWGL failed mapping default framebuffer, no dt
console.warn: SearchSettings: "get: No settings file exists, new profile?" (new NotFoundError("Could not open the file at C:\\Users\\Win10\\AppData\\Local\\Temp\\rust_mozprofiletlNOT9\\search.json.mozlz4", (void 0)))
DevTools listening on ws://localhost:57476/devtools/browser/08dffa7d-c5ed-4095-b60d-cbd4a957c8c5
1644932083791	Marionette	INFO	Listening on port 57481
1644932084332	RemoteAgent	WARN	TLS certificate errors will be ignored for this session
JavaScript error: https://www-nds.iaea.org/exfor/e4basic2.js, line 17: TypeError: document.request.elements[k] is undefined
JavaScript error: https://www-nds.iaea.org/exfor/e4basic2.js, line 17: TypeError: document.request.elements[k] is undefined
console.warn: LoginRecipes: "getRecipes: falling back to a synchronous message for:" "https://www-nds.iaea.org"
JavaScript warning: https://www-nds.iaea.org/exfor/x4js/e4search.js, line 17: unreachable code after return statement
JavaScript warning: https://www-nds.iaea.org/exfor/x4js/e4search.js, line 17: unreachable code after return statement
console.warn: LoginRecipes: "getRecipes: falling back to a synchronous message for:" "https://www-nds.iaea.org"
1644932089499	Marionette	INFO	Stopped listening on port 57481

###!!! [Parent][PImageBridgeParent] Error: RunMessage(msgname=PImageBridge::Msg_WillClose) Channel closing: too late to send/recv, messages will be lost

1644932545475	geckodriver	INFO	Listening on 127.0.0.1:57577
1644932548512	mozrunner::runner	INFO	Running command: "C:\\Program Files\\Mozilla Firefox\\firefox.exe" "--marionette" "-headless" "--remote-debugging-port" "57578" "-no-remote" "-profile" "C:\\Users\\Win10\\AppData\\Local\\Temp\\rust_mozprofiledCJGJc"
*** You are running in headless mode.
1644932549401	Marionette	INFO	Marionette enabled
[GFX1-]: RenderCompositorSWGL failed mapping default framebuffer, no dt
console.warn: SearchSettings: "get: No settings file exists, new profile?" (new NotFoundError("Could not open the file at C:\\Users\\Win10\\AppData\\Local\\Temp\\rust_mozprofiledCJGJc\\search.json.mozlz4", (void 0)))
DevTools listening on ws://localhost:57578/devtools/browser/934e8e73-fb2c-4e54-aca3-2681ec30dced
1644932551935	Marionette	INFO	Listening on port 57583
1644932552234	RemoteAgent	WARN	TLS certificate errors will be ignored for this session
JavaScript error: https://www-nds.iaea.org/exfor/e4basic2.js, line 17: TypeError: document.request.elements[k] is undefined
JavaScript error: https://www-nds.iaea.org/exfor/e4basic2.js, line 17: TypeError: document.request.elements[k] is undefined
console.warn: LoginRecipes: "getRecipes: falling back to a synchronous message for:" "https://www-nds.iaea.org"
JavaScript warning: https://www-nds.iaea.org/exfor/x4js/e4search.js, line 17: unreachable code after return statement
JavaScript warning: https://www-nds.iaea.org/exfor/x4js/e4search.js, line 17: unreachable code after return statement
console.warn: LoginRecipes: "getRecipes: falling back to a synchronous message for:" "https://www-nds.iaea.org"
1644932557739	Marionette	INFO	Stopped listening on port 57583
1644932796095	geckodriver	INFO	Listening on 127.0.0.1:57649
1644932799079	mozrunner::runner	INFO	Running command: "C:\\Program Files\\Mozilla Firefox\\firefox.exe" "--marionette" "-headless" "--remote-debugging-port" "57650" "-no-remote" "-profile" "C:\\Users\\Win10\\AppData\\Local\\Temp\\rust_mozprofileoZWew9"
*** You are running in headless mode.
1644932799862	Marionette	INFO	Marionette enabled
[GFX1-]: RenderCompositorSWGL failed mapping default framebuffer, no dt
console.warn: SearchSettings: "get: No settings file exists, new profile?" (new NotFoundError("Could not open the file at C:\\Users\\Win10\\AppData\\Local\\Temp\\rust_mozprofileoZWew9\\search.json.mozlz4", (void 0)))
DevTools listening on ws://localhost:57650/devtools/browser/829443ce-63aa-4093-93e0-daeb92d5732a
1644932803511	Marionette	INFO	Listening on port 57656
1644932803940	RemoteAgent	WARN	TLS certificate errors will be ignored for this session
JavaScript error: https://www-nds.iaea.org/exfor/e4basic2.js, line 17: TypeError: document.request.elements[k] is undefined
JavaScript error: https://www-nds.iaea.org/exfor/e4basic2.js, line 17: TypeError: document.request.elements[k] is undefined
console.warn: LoginRecipes: "getRecipes: falling back to a synchronous message for:" "https://www-nds.iaea.org"
JavaScript warning: https://www-nds.iaea.org/exfor/x4js/e4search.js, line 17: unreachable code after return statement
JavaScript warning: https://www-nds.iaea.org/exfor/x4js/e4search.js, line 17: unreachable code after return statement
console.warn: LoginRecipes: "getRecipes: falling back to a synchronous message for:" "https://www-nds.iaea.org"
1644932809455	Marionette	INFO	Stopped listening on port 57656
1644933557762	geckodriver	INFO	Listening on 127.0.0.1:58284
1644933560777	mozrunner::runner	INFO	Running command: "C:\\Program Files\\Mozilla Firefox\\firefox.exe" "--marionette" "-headless" "--remote-debugging-port" "58285" "-no-remote" "-profile" "C:\\Users\\Win10\\AppData\\Local\\Temp\\rust_mozprofileHaAIxW"
*** You are running in headless mode.
1644933561529	Marionette	INFO	Marionette enabled
[GFX1-]: RenderCompositorSWGL failed mapping default framebuffer, no dt
console.warn: SearchSettings: "get: No settings file exists, new profile?" (new NotFoundError("Could not open the file at C:\\Users\\Win10\\AppData\\Local\\Temp\\rust_mozprofileHaAIxW\\search.json.mozlz4", (void 0)))
DevTools listening on ws://localhost:58285/devtools/browser/b9c096f5-5da3-404b-9a3f-322313b77be6
1644933564205	Marionette	INFO	Listening on port 58291
1644933564507	RemoteAgent	WARN	TLS certificate errors will be ignored for this session
JavaScript error: https://www-nds.iaea.org/exfor/e4basic2.js, line 17: TypeError: document.request.elements[k] is undefined
JavaScript error: https://www-nds.iaea.org/exfor/e4basic2.js, line 17: TypeError: document.request.elements[k] is undefined
console.warn: LoginRecipes: "getRecipes: falling back to a synchronous message for:" "https://www-nds.iaea.org"
JavaScript warning: https://www-nds.iaea.org/exfor/x4js/e4search.js, line 17: unreachable code after return statement
JavaScript warning: https://www-nds.iaea.org/exfor/x4js/e4search.js, line 17: unreachable code after return statement
console.warn: LoginRecipes: "getRecipes: falling back to a synchronous message for:" "https://www-nds.iaea.org"
1644933569687	Marionette	INFO	Stopped listening on port 58291
1645195658078	geckodriver	INFO	Listening on 127.0.0.1:63621
1645195661107	mozrunner::runner	INFO	Running command: "C:\\Program Files\\Mozilla Firefox\\firefox.exe" "--marionette" "-headless" "--remote-debugging-port" "63622" "-no-remote" "-profile" "C:\\Users\\Win10\\AppData\\Local\\Temp\\rust_mozprofilecfyGhR"
*** You are running in headless mode.
1645195662356	Marionette	INFO	Marionette enabled
[GFX1-]: RenderCompositorSWGL failed mapping default framebuffer, no dt
console.warn: SearchSettings: "get: No settings file exists, new profile?" (new NotFoundError("Could not open the file at C:\\Users\\Win10\\AppData\\Local\\Temp\\rust_mozprofilecfyGhR\\search.json.mozlz4", (void 0)))
DevTools listening on ws://localhost:63622/devtools/browser/de2a60fc-40f7-46f7-ae3a-fb1e1bfe859a
1645195664974	Marionette	INFO	Listening on port 63627
1645195665320	RemoteAgent	WARN	TLS certificate errors will be ignored for this session
JavaScript error: https://www-nds.iaea.org/exfor/e4basic2.js, line 17: TypeError: document.request.elements[k] is undefined
JavaScript error: https://www-nds.iaea.org/exfor/e4basic2.js, line 17: TypeError: document.request.elements[k] is undefined
console.warn: LoginRecipes: "getRecipes: falling back to a synchronous message for:" "https://www-nds.iaea.org"
JavaScript warning: https://www-nds.iaea.org/exfor/x4js/e4search.js, line 17: unreachable code after return statement
JavaScript warning: https://www-nds.iaea.org/exfor/x4js/e4search.js, line 17: unreachable code after return statement
console.warn: LoginRecipes: "getRecipes: falling back to a synchronous message for:" "https://www-nds.iaea.org"
JavaScript error: https://www-nds.iaea.org/exfor/e4basic2.js, line 17: TypeError: document.request.elements[k] is undefined
JavaScript error: https://www-nds.iaea.org/exfor/e4basic2.js, line 17: TypeError: document.request.elements[k] is undefined
console.warn: LoginRecipes: "getRecipes: falling back to a synchronous message for:" "https://www-nds.iaea.org"
JavaScript warning: https://www-nds.iaea.org/exfor/x4js/e4search.js, line 17: unreachable code after return statement
JavaScript warning: https://www-nds.iaea.org/exfor/x4js/e4search.js, line 17: unreachable code after return statement
console.warn: LoginRecipes: "getRecipes: falling back to a synchronous message for:" "https://www-nds.iaea.org"
JavaScript error: https://www-nds.iaea.org/exfor/e4basic2.js, line 17: TypeError: document.request.elements[k] is undefined
JavaScript error: https://www-nds.iaea.org/exfor/e4basic2.js, line 17: TypeError: document.request.elements[k] is undefined
console.warn: LoginRecipes: "getRecipes: falling back to a synchronous message for:" "https://www-nds.iaea.org"
JavaScript warning: https://www-nds.iaea.org/exfor/x4js/e4search.js, line 17: unreachable code after return statement
JavaScript warning: https://www-nds.iaea.org/exfor/x4js/e4search.js, line 17: unreachable code after return statement
console.warn: LoginRecipes: "getRecipes: falling back to a synchronous message for:" "https://www-nds.iaea.org"
JavaScript error: https://www-nds.iaea.org/exfor/e4basic2.js, line 17: TypeError: document.request.elements[k] is undefined
JavaScript error: https://www-nds.iaea.org/exfor/e4basic2.js, line 17: TypeError: document.request.elements[k] is undefined
console.warn: LoginRecipes: "getRecipes: falling back to a synchronous message for:" "https://www-nds.iaea.org"
JavaScript warning: https://www-nds.iaea.org/exfor/x4js/e4search.js, line 17: unreachable code after return statement
JavaScript warning: https://www-nds.iaea.org/exfor/x4js/e4search.js, line 17: unreachable code after return statement
console.warn: LoginRecipes: "getRecipes: falling back to a synchronous message for:" "https://www-nds.iaea.org"
JavaScript error: https://www-nds.iaea.org/exfor/e4basic2.js, line 17: TypeError: document.request.elements[k] is undefined
JavaScript error: https://www-nds.iaea.org/exfor/e4basic2.js, line 17: TypeError: document.request.elements[k] is undefined
console.warn: LoginRecipes: "getRecipes: falling back to a synchronous message for:" "https://www-nds.iaea.org"
console.warn: LoginRecipes: "getRecipes: falling back to a synchronous message for:" "https://www-nds.iaea.org"
JavaScript error: https://www-nds.iaea.org/exfor/e4basic2.js, line 17: TypeError: document.request.elements[k] is undefined
JavaScript error: https://www-nds.iaea.org/exfor/e4basic2.js, line 17: TypeError: document.request.elements[k] is undefined
console.warn: LoginRecipes: "getRecipes: falling back to a synchronous message for:" "https://www-nds.iaea.org"
console.warn: LoginRecipes: "getRecipes: falling back to a synchronous message for:" "https://www-nds.iaea.org"
JavaScript error: https://www-nds.iaea.org/exfor/e4basic2.js, line 17: TypeError: document.request.elements[k] is undefined
JavaScript error: https://www-nds.iaea.org/exfor/e4basic2.js, line 17: TypeError: document.request.elements[k] is undefined
console.warn: LoginRecipes: "getRecipes: falling back to a synchronous message for:" "https://www-nds.iaea.org"
console.warn: LoginRecipes: "getRecipes: falling back to a synchronous message for:" "https://www-nds.iaea.org"
JavaScript error: https://www-nds.iaea.org/exfor/e4basic2.js, line 17: TypeError: document.request.elements[k] is undefined
JavaScript error: https://www-nds.iaea.org/exfor/e4basic2.js, line 17: TypeError: document.request.elements[k] is undefined
console.warn: LoginRecipes: "getRecipes: falling back to a synchronous message for:" "https://www-nds.iaea.org"
console.warn: LoginRecipes: "getRecipes: falling back to a synchronous message for:" "https://www-nds.iaea.org"
JavaScript error: https://www-nds.iaea.org/exfor/e4basic2.js, line 17: TypeError: document.request.elements[k] is undefined
JavaScript error: https://www-nds.iaea.org/exfor/e4basic2.js, line 17: TypeError: document.request.elements[k] is undefined
console.warn: LoginRecipes: "getRecipes: falling back to a synchronous message for:" "https://www-nds.iaea.org"
console.warn: LoginRecipes: "getRecipes: falling back to a synchronous message for:" "https://www-nds.iaea.org"
JavaScript error: https://www-nds.iaea.org/exfor/e4basic2.js, line 17: TypeError: document.request.elements[k] is undefined
JavaScript error: https://www-nds.iaea.org/exfor/e4basic2.js, line 17: TypeError: document.request.elements[k] is undefined
console.warn: LoginRecipes: "getRecipes: falling back to a synchronous message for:" "https://www-nds.iaea.org"
JavaScript error: https://www-nds.iaea.org/exfor/x4js/e4search.js, line 17: TypeError: document.frmChoice is undefined
1645195799278	geckodriver	INFO	Listening on 127.0.0.1:50555
1645195802254	mozrunner::runner	INFO	Running command: "C:\\Program Files\\Mozilla Firefox\\firefox.exe" "--marionette" "-headless" "--remote-debugging-port" "50556" "-no-remote" "-profile" "C:\\Users\\Win10\\AppData\\Local\\Temp\\rust_mozprofile05vFsd"
*** You are running in headless mode.
1645195802915	Marionette	INFO	Marionette enabled
[GFX1-]: RenderCompositorSWGL failed mapping default framebuffer, no dt
console.warn: SearchSettings: "get: No settings file exists, new profile?" (new NotFoundError("Could not open the file at C:\\Users\\Win10\\AppData\\Local\\Temp\\rust_mozprofile05vFsd\\search.json.mozlz4", (void 0)))
DevTools listening on ws://localhost:50556/devtools/browser/312aec33-cb04-4f39-a0d8-641fd65c2978
1645195805267	Marionette	INFO	Listening on port 50562
1645195805504	RemoteAgent	WARN	TLS certificate errors will be ignored for this session
JavaScript error: https://www-nds.iaea.org/exfor/e4basic2.js, line 17: TypeError: document.request.elements[k] is undefined
JavaScript error: https://www-nds.iaea.org/exfor/e4basic2.js, line 17: TypeError: document.request.elements[k] is undefined
console.warn: LoginRecipes: "getRecipes: falling back to a synchronous message for:" "https://www-nds.iaea.org"
JavaScript warning: https://www-nds.iaea.org/exfor/x4js/e4search.js, line 17: unreachable code after return statement
JavaScript warning: https://www-nds.iaea.org/exfor/x4js/e4search.js, line 17: unreachable code after return statement
console.warn: LoginRecipes: "getRecipes: falling back to a synchronous message for:" "https://www-nds.iaea.org"
1645195811404	Marionette	INFO	Stopped listening on port 50562

###!!! [Parent][PContentParent] Error: Send(msgname=PContent::Msg_DestroyBrowsingContextGroup) Closed channel: cannot send/recv


###!!! [Child][PContentChild] Error: RunMessage(msgname=PContent::Reply_DiscardBrowsingContext) Channel closing: too late to send/recv, messages will be lost

